
> outfitnesia-backend@0.0.0 start /root/backend
> node ./bin/www

/root/backend/controlller/crud/jenisController.js:27
exports.editJenis = async (req, res) => {
                          ^

SyntaxError: Unexpected token (
    at createScript (vm.js:56:10)
    at Object.runInThisContext (vm.js:97:10)
    at Module._compile (module.js:549:28)
    at Object.Module._extensions..js (module.js:586:10)
    at Module.load (module.js:494:32)
    at tryModuleLoad (module.js:453:12)
    at Function.Module._load (module.js:445:3)
    at Module.require (module.js:504:17)
    at require (internal/module.js:20:19)
    at Object.<anonymous> (/root/backend/routes/admin.js:3:55)

npm ERR! Linux 3.10.0
npm ERR! argv "/usr/bin/node" "/usr/bin/npm" "start"
npm ERR! node v6.17.1
npm ERR! npm  v3.10.10
npm ERR! code ELIFECYCLE
npm ERR! outfitnesia-backend@0.0.0 start: `node ./bin/www`
npm ERR! Exit status 1
npm ERR! 
npm ERR! Failed at the outfitnesia-backend@0.0.0 start script 'node ./bin/www'.
npm ERR! Make sure you have the latest version of node.js and npm installed.
npm ERR! If you do, this is most likely a problem with the outfitnesia-backend package,
npm ERR! not with npm itself.
npm ERR! Tell the author that this fails on your system:
npm ERR!     node ./bin/www
npm ERR! You can get information on how to open an issue for this project with:
npm ERR!     npm bugs outfitnesia-backend
npm ERR! Or if that isn't available, you can get their info via:
npm ERR!     npm owner ls outfitnesia-backend
npm ERR! There is likely additional logging output above.

npm ERR! Please include the following file with any support request:
npm ERR!     /root/backend/npm-debug.log

> outfitnesia-backend@0.0.0 start /root/backend
> node ./bin/www

/root/backend/controlller/crud/jenisController.js:27
exports.editJenis = async (req, res) => {
                          ^

SyntaxError: Unexpected token (
    at createScript (vm.js:56:10)
    at Object.runInThisContext (vm.js:97:10)
    at Module._compile (module.js:549:28)
    at Object.Module._extensions..js (module.js:586:10)
    at Module.load (module.js:494:32)
    at tryModuleLoad (module.js:453:12)
    at Function.Module._load (module.js:445:3)
    at Module.require (module.js:504:17)
    at require (internal/module.js:20:19)
    at Object.<anonymous> (/root/backend/routes/admin.js:3:55)

npm ERR! Linux 3.10.0
npm ERR! argv "/usr/bin/node" "/usr/bin/npm" "--" "start"
npm ERR! node v6.17.1
npm ERR! npm  v3.10.10
npm ERR! code ELIFECYCLE
npm ERR! outfitnesia-backend@0.0.0 start: `node ./bin/www`
npm ERR! Exit status 1
npm ERR! 
npm ERR! Failed at the outfitnesia-backend@0.0.0 start script 'node ./bin/www'.
npm ERR! Make sure you have the latest version of node.js and npm installed.
npm ERR! If you do, this is most likely a problem with the outfitnesia-backend package,
npm ERR! not with npm itself.
npm ERR! Tell the author that this fails on your system:
npm ERR!     node ./bin/www
npm ERR! You can get information on how to open an issue for this project with:
npm ERR!     npm bugs outfitnesia-backend
npm ERR! Or if that isn't available, you can get their info via:
npm ERR!     npm owner ls outfitnesia-backend
npm ERR! There is likely additional logging output above.

npm ERR! Please include the following file with any support request:
npm ERR!     /root/backend/npm-debug.log
